<?xml version="1.0" encoding="UTF-8"?>
<coverage generated="1473617143833" clover="3.2.0">
  <project timestamp="1473617143834" name="All files">
    <metrics statements="51" coveredstatements="48" conditionals="10" coveredconditionals="7" methods="27" coveredmethods="15" elements="88" coveredelements="70" complexity="0" loc="51" ncloc="51" packages="4" files="7" classes="7">
      <package name="src.api">
        <metrics statements="19" coveredstatements="17" conditionals="6" coveredconditionals="5" methods="6" coveredmethods="6"/>
        <file name="dslApi.js" path="/home/apetrov/Desktop/maas-editor-demo/src/api/dslApi.js">
          <metrics statements="18" coveredstatements="16" conditionals="6" coveredconditionals="5" methods="6" coveredmethods="6"/>
          <line num="5" count="1" type="stmt"/>
          <line num="6" count="1" type="stmt"/>
          <line num="15" count="1" type="stmt"/>
          <line num="16" count="1" type="stmt"/>
          <line num="26" count="1" type="stmt"/>
          <line num="27" count="4" type="stmt"/>
          <line num="39" count="1" type="stmt"/>
          <line num="41" count="3" type="stmt"/>
          <line num="45" count="3" type="stmt"/>
          <line num="46" count="3" type="stmt"/>
          <line num="51" count="1" type="stmt"/>
          <line num="61" count="0" type="stmt"/>
          <line num="62" count="0" type="stmt"/>
          <line num="66" count="1" type="stmt"/>
          <line num="67" count="1" type="stmt"/>
          <line num="70" count="1" type="stmt"/>
          <line num="74" count="4" type="stmt"/>
          <line num="78" count="1" type="stmt"/>
        </file>
        <file name="dslData.js" path="/home/apetrov/Desktop/maas-editor-demo/src/api/dslData.js">
          <metrics statements="1" coveredstatements="1" conditionals="0" coveredconditionals="0" methods="0" coveredmethods="0"/>
          <line num="1" count="1" type="stmt"/>
        </file>
      </package>
      <package name="src.components">
        <metrics statements="11" coveredstatements="11" conditionals="0" coveredconditionals="0" methods="2" coveredmethods="2"/>
        <file name="homePage.js" path="/home/apetrov/Desktop/maas-editor-demo/src/components/homePage.js">
          <metrics statements="6" coveredstatements="6" conditionals="0" coveredconditionals="0" methods="1" coveredmethods="1"/>
          <line num="3" count="1" type="stmt"/>
          <line num="4" count="1" type="stmt"/>
          <line num="5" count="1" type="stmt"/>
          <line num="7" count="1" type="stmt"/>
          <line num="9" count="3" type="stmt"/>
          <line num="18" count="1" type="stmt"/>
        </file>
        <file name="notFoundPage.js" path="/home/apetrov/Desktop/maas-editor-demo/src/components/notFoundPage.js">
          <metrics statements="5" coveredstatements="5" conditionals="0" coveredconditionals="0" methods="1" coveredmethods="1"/>
          <line num="2" count="1" type="stmt"/>
          <line num="3" count="1" type="stmt"/>
          <line num="5" count="1" type="stmt"/>
          <line num="9" count="5" type="stmt"/>
          <line num="29" count="1" type="stmt"/>
        </file>
      </package>
      <package name="src.components.common">
        <metrics statements="13" coveredstatements="12" conditionals="4" coveredconditionals="2" methods="2" coveredmethods="2"/>
        <file name="header.js" path="/home/apetrov/Desktop/maas-editor-demo/src/components/common/header.js">
          <metrics statements="6" coveredstatements="6" conditionals="0" coveredconditionals="0" methods="1" coveredmethods="1"/>
          <line num="3" count="1" type="stmt"/>
          <line num="4" count="1" type="stmt"/>
          <line num="5" count="1" type="stmt"/>
          <line num="7" count="1" type="stmt"/>
          <line num="9" count="3" type="stmt"/>
          <line num="24" count="1" type="stmt"/>
        </file>
        <file name="textInput.js" path="/home/apetrov/Desktop/maas-editor-demo/src/components/common/textInput.js">
          <metrics statements="7" coveredstatements="6" conditionals="4" coveredconditionals="2" methods="1" coveredmethods="1"/>
          <line num="3" count="1" type="stmt"/>
          <line num="5" count="1" type="stmt"/>
          <line num="15" count="2" type="stmt"/>
          <line num="16" count="2" type="stmt"/>
          <line num="17" count="0" type="stmt"/>
          <line num="20" count="2" type="stmt"/>
          <line num="37" count="1" type="stmt"/>
        </file>
      </package>
      <package name="testingHelpers">
        <metrics statements="8" coveredstatements="8" conditionals="0" coveredconditionals="0" methods="17" coveredmethods="5"/>
        <file name="reactRouterContext.js" path="/home/apetrov/Desktop/maas-editor-demo/testingHelpers/reactRouterContext.js">
          <metrics statements="8" coveredstatements="8" conditionals="0" coveredconditionals="0" methods="17" coveredmethods="5"/>
          <line num="1" count="3" type="stmt"/>
          <line num="2" count="3" type="stmt"/>
          <line num="4" count="3" type="stmt"/>
          <line num="7" count="3" type="stmt"/>
          <line num="23" count="3" type="stmt"/>
          <line num="30" count="11" type="stmt"/>
          <line num="37" count="11" type="stmt"/>
          <line num="42" count="3" type="stmt"/>
        </file>
      </package>
    </metrics>
  </project>
</coverage>
