<?xml version="1.0" encoding="UTF-8"?>
<coverage generated="1473592207086" clover="3.2.0">
  <project timestamp="1473592207086" name="All files">
    <metrics statements="31" coveredstatements="20" conditionals="6" coveredconditionals="5" methods="8" coveredmethods="6" elements="45" coveredelements="31" complexity="0" loc="31" ncloc="31" packages="2" files="3" classes="3">
      <package name="api">
        <metrics statements="19" coveredstatements="17" conditionals="6" coveredconditionals="5" methods="6" coveredmethods="6"/>
        <file name="dslApi.js" path="/home/apetrov/Desktop/maas-editor-demo/src/api/dslApi.js">
          <metrics statements="18" coveredstatements="16" conditionals="6" coveredconditionals="5" methods="6" coveredmethods="6"/>
          <line num="5" count="1" type="stmt"/>
          <line num="6" count="1" type="stmt"/>
          <line num="15" count="1" type="stmt"/>
          <line num="16" count="1" type="stmt"/>
          <line num="26" count="1" type="stmt"/>
          <line num="27" count="4" type="stmt"/>
          <line num="39" count="1" type="stmt"/>
          <line num="41" count="3" type="stmt"/>
          <line num="45" count="3" type="stmt"/>
          <line num="46" count="3" type="stmt"/>
          <line num="51" count="1" type="stmt"/>
          <line num="61" count="0" type="stmt"/>
          <line num="62" count="0" type="stmt"/>
          <line num="66" count="1" type="stmt"/>
          <line num="67" count="1" type="stmt"/>
          <line num="70" count="1" type="stmt"/>
          <line num="74" count="4" type="stmt"/>
          <line num="78" count="1" type="stmt"/>
        </file>
        <file name="dslData.js" path="/home/apetrov/Desktop/maas-editor-demo/src/api/dslData.js">
          <metrics statements="1" coveredstatements="1" conditionals="0" coveredconditionals="0" methods="0" coveredmethods="0"/>
          <line num="1" count="1" type="stmt"/>
        </file>
      </package>
      <package name="components.editor">
        <metrics statements="12" coveredstatements="3" conditionals="0" coveredconditionals="0" methods="2" coveredmethods="0"/>
        <file name="editorDsl.js" path="/home/apetrov/Desktop/maas-editor-demo/src/components/editor/editorDsl.js">
          <metrics statements="12" coveredstatements="3" conditionals="0" coveredconditionals="0" methods="2" coveredmethods="0"/>
          <line num="3" count="1" type="stmt"/>
          <line num="5" count="1" type="stmt"/>
          <line num="14" count="0" type="stmt"/>
          <line num="15" count="0" type="stmt"/>
          <line num="16" count="0" type="stmt"/>
          <line num="17" count="0" type="stmt"/>
          <line num="18" count="0" type="stmt"/>
          <line num="22" count="0" type="stmt"/>
          <line num="25" count="0" type="stmt"/>
          <line num="29" count="0" type="stmt"/>
          <line num="30" count="0" type="stmt"/>
          <line num="43" count="1" type="stmt"/>
        </file>
      </package>
    </metrics>
  </project>
</coverage>
