{"/home/apetrov/Desktop/maas-editor-demo/src/api/dslApi.js": {"path":"/home/apetrov/Desktop/maas-editor-demo/src/api/dslApi.js","statementMap":{"1":{"start":{"line":5,"column":11},"end":{"line":5,"column":36}},"2":{"start":{"line":6,"column":8},"end":{"line":6,"column":25}},"3":{"start":{"line":15,"column":18},"end":{"line":17,"column":1}},"4":{"start":{"line":16,"column":1},"end":{"line":16,"column":22}},"5":{"start":{"line":26,"column":13},"end":{"line":28,"column":1}},"6":{"start":{"line":27,"column":1},"end":{"line":27,"column":41}},"7":{"start":{"line":39,"column":13},"end":{"line":76,"column":1}},"8":{"start":{"line":41,"column":2},"end":{"line":41,"column":52}},"9":{"start":{"line":45,"column":12},"end":{"line":45,"column":34}},"10":{"start":{"line":46,"column":2},"end":{"line":46,"column":53}},"11":{"start":{"line":51,"column":2},"end":{"line":68,"column":3}},"12":{"start":{"line":61,"column":26},"end":{"line":61,"column":69}},"13":{"start":{"line":62,"column":3},"end":{"line":62,"column":41}},"14":{"start":{"line":66,"column":3},"end":{"line":66,"column":42}},"15":{"start":{"line":67,"column":3},"end":{"line":67,"column":18}},"16":{"start":{"line":70,"column":2},"end":{"line":70,"column":21}},"17":{"start":{"line":74,"column":2},"end":{"line":74,"column":28}},"18":{"start":{"line":78,"column":0},"end":{"line":78,"column":24}}},"fnMap":{"1":{"name":"(anonymous_1)","decl":{"start":{"line":15,"column":18},"end":{"line":15,"column":19}},"loc":{"start":{"line":15,"column":29},"end":{"line":17,"column":1}}},"2":{"name":"(anonymous_2)","decl":{"start":{"line":26,"column":13},"end":{"line":26,"column":14}},"loc":{"start":{"line":26,"column":28},"end":{"line":28,"column":1}}},"3":{"name":"(anonymous_3)","decl":{"start":{"line":40,"column":13},"end":{"line":40,"column":14}},"loc":{"start":{"line":40,"column":24},"end":{"line":42,"column":2}}},"4":{"name":"(anonymous_4)","decl":{"start":{"line":44,"column":13},"end":{"line":44,"column":14}},"loc":{"start":{"line":44,"column":26},"end":{"line":47,"column":2}}},"5":{"name":"(anonymous_5)","decl":{"start":{"line":49,"column":10},"end":{"line":49,"column":11}},"loc":{"start":{"line":49,"column":24},"end":{"line":71,"column":2}}},"6":{"name":"(anonymous_6)","decl":{"start":{"line":73,"column":12},"end":{"line":73,"column":13}},"loc":{"start":{"line":73,"column":25},"end":{"line":75,"column":2}}}},"branchMap":{"1":{"loc":{"start":{"line":41,"column":9},"end":{"line":41,"column":51}},"type":"cond-expr","locations":[{"start":{"line":41,"column":28},"end":{"line":41,"column":40}},{"start":{"line":41,"column":42},"end":{"line":41,"column":51}}]},"2":{"loc":{"start":{"line":46,"column":9},"end":{"line":46,"column":52}},"type":"cond-expr","locations":[{"start":{"line":46,"column":30},"end":{"line":46,"column":39}},{"start":{"line":46,"column":41},"end":{"line":46,"column":52}}]},"3":{"loc":{"start":{"line":51,"column":2},"end":{"line":68,"column":3}},"type":"if","locations":[{"start":{"line":51,"column":2},"end":{"line":68,"column":3}},{"start":{"line":51,"column":2},"end":{"line":68,"column":3}}]}},"s":{"1":1,"2":1,"3":1,"4":1,"5":1,"6":4,"7":1,"8":3,"9":3,"10":3,"11":1,"12":0,"13":0,"14":1,"15":1,"16":1,"17":4,"18":1},"f":{"1":1,"2":4,"3":3,"4":3,"5":1,"6":4},"b":{"1":[2,1],"2":[2,1],"3":[0,1]},"hash":"9fb87e45df84797c512739fbea0d97c82b70e927"}
,"/home/apetrov/Desktop/maas-editor-demo/src/api/dslData.js": {"path":"/home/apetrov/Desktop/maas-editor-demo/src/api/dslData.js","statementMap":{"1":{"start":{"line":1,"column":0},"end":{"line":20,"column":2}}},"fnMap":{},"branchMap":{},"s":{"1":1},"f":{},"b":{},"hash":"a240e6ac747b35faa988f1a618c40ca4ff6dcdb2"}
,"/home/apetrov/Desktop/maas-editor-demo/src/components/homePage.js": {"path":"/home/apetrov/Desktop/maas-editor-demo/src/components/homePage.js","statementMap":{"1":{"start":{"line":3,"column":12},"end":{"line":3,"column":28}},"2":{"start":{"line":4,"column":13},"end":{"line":4,"column":36}},"3":{"start":{"line":5,"column":11},"end":{"line":5,"column":22}},"4":{"start":{"line":7,"column":11},"end":{"line":17,"column":2}},"5":{"start":{"line":9,"column":3},"end":{"line":15,"column":4}},"6":{"start":{"line":18,"column":0},"end":{"line":18,"column":22}}},"fnMap":{"1":{"name":"(anonymous_1)","decl":{"start":{"line":8,"column":9},"end":{"line":8,"column":10}},"loc":{"start":{"line":8,"column":20},"end":{"line":16,"column":2}}}},"branchMap":{},"s":{"1":1,"2":1,"3":1,"4":1,"5":3,"6":1},"f":{"1":3},"b":{},"hash":"27cd439293cb2c63db5e3c59a995a7a78134738a"}
,"/home/apetrov/Desktop/maas-editor-demo/src/components/notFoundPage.js": {"path":"/home/apetrov/Desktop/maas-editor-demo/src/components/notFoundPage.js","statementMap":{"1":{"start":{"line":2,"column":12},"end":{"line":2,"column":28}},"2":{"start":{"line":3,"column":11},"end":{"line":3,"column":39}},"3":{"start":{"line":5,"column":19},"end":{"line":28,"column":2}},"4":{"start":{"line":9,"column":3},"end":{"line":26,"column":4}},"5":{"start":{"line":29,"column":0},"end":{"line":29,"column":30}}},"fnMap":{"1":{"name":"(anonymous_1)","decl":{"start":{"line":6,"column":9},"end":{"line":6,"column":10}},"loc":{"start":{"line":6,"column":20},"end":{"line":27,"column":2}}}},"branchMap":{},"s":{"1":1,"2":1,"3":1,"4":5,"5":1},"f":{"1":5},"b":{},"hash":"f765b07cbf6e197184b26315361b93f2d5dde5d8"}
,"/home/apetrov/Desktop/maas-editor-demo/src/components/common/header.js": {"path":"/home/apetrov/Desktop/maas-editor-demo/src/components/common/header.js","statementMap":{"1":{"start":{"line":3,"column":12},"end":{"line":3,"column":28}},"2":{"start":{"line":4,"column":13},"end":{"line":4,"column":36}},"3":{"start":{"line":5,"column":11},"end":{"line":5,"column":22}},"4":{"start":{"line":7,"column":13},"end":{"line":23,"column":2}},"5":{"start":{"line":9,"column":5},"end":{"line":21,"column":6}},"6":{"start":{"line":24,"column":0},"end":{"line":24,"column":24}}},"fnMap":{"1":{"name":"(anonymous_1)","decl":{"start":{"line":8,"column":9},"end":{"line":8,"column":10}},"loc":{"start":{"line":8,"column":20},"end":{"line":22,"column":2}}}},"branchMap":{},"s":{"1":1,"2":1,"3":1,"4":1,"5":3,"6":1},"f":{"1":3},"b":{},"hash":"7931b6e4cd6ef756b91f6369deb3b9d7ba2c9a22"}
,"/home/apetrov/Desktop/maas-editor-demo/src/components/common/textInput.js": {"path":"/home/apetrov/Desktop/maas-editor-demo/src/components/common/textInput.js","statementMap":{"1":{"start":{"line":3,"column":12},"end":{"line":3,"column":28}},"2":{"start":{"line":5,"column":12},"end":{"line":36,"column":2}},"3":{"start":{"line":15,"column":24},"end":{"line":15,"column":36}},"4":{"start":{"line":16,"column":5},"end":{"line":18,"column":6}},"5":{"start":{"line":17,"column":9},"end":{"line":17,"column":44}},"6":{"start":{"line":20,"column":5},"end":{"line":34,"column":6}},"7":{"start":{"line":37,"column":0},"end":{"line":37,"column":23}}},"fnMap":{"1":{"name":"(anonymous_1)","decl":{"start":{"line":14,"column":9},"end":{"line":14,"column":10}},"loc":{"start":{"line":14,"column":20},"end":{"line":35,"column":2}}}},"branchMap":{"1":{"loc":{"start":{"line":16,"column":5},"end":{"line":18,"column":6}},"type":"if","locations":[{"start":{"line":16,"column":5},"end":{"line":18,"column":6}},{"start":{"line":16,"column":5},"end":{"line":18,"column":6}}]},"2":{"loc":{"start":{"line":16,"column":9},"end":{"line":16,"column":56}},"type":"binary-expr","locations":[{"start":{"line":16,"column":9},"end":{"line":16,"column":25}},{"start":{"line":16,"column":29},"end":{"line":16,"column":56}}]}},"s":{"1":1,"2":1,"3":2,"4":2,"5":0,"6":2,"7":1},"f":{"1":2},"b":{"1":[0,2],"2":[2,0]},"hash":"d28a6f2dd752a0df784583f9ddbe3efb8ea458ac"}
,"/home/apetrov/Desktop/maas-editor-demo/testingHelpers/reactRouterContext.js": {"path":"/home/apetrov/Desktop/maas-editor-demo/testingHelpers/reactRouterContext.js","statementMap":{"1":{"start":{"line":1,"column":19},"end":{"line":1,"column":43}},"2":{"start":{"line":2,"column":19},"end":{"line":2,"column":35}},"3":{"start":{"line":4,"column":25},"end":{"line":40,"column":1}},"4":{"start":{"line":7,"column":2},"end":{"line":21,"column":12}},"5":{"start":{"line":23,"column":2},"end":{"line":39,"column":5}},"6":{"start":{"line":30,"column":6},"end":{"line":33,"column":8}},"7":{"start":{"line":37,"column":6},"end":{"line":37,"column":51}},"8":{"start":{"line":42,"column":0},"end":{"line":42,"column":36}}},"fnMap":{"1":{"name":"ReactRouterContext","decl":{"start":{"line":4,"column":34},"end":{"line":4,"column":52}},"loc":{"start":{"line":4,"column":78},"end":{"line":40,"column":1}}},"2":{"name":"RouterStub","decl":{"start":{"line":5,"column":11},"end":{"line":5,"column":21}},"loc":{"start":{"line":5,"column":24},"end":{"line":5,"column":26}}},"3":{"name":"makePath","decl":{"start":{"line":8,"column":23},"end":{"line":8,"column":31}},"loc":{"start":{"line":8,"column":34},"end":{"line":8,"column":36}}},"4":{"name":"makeHref","decl":{"start":{"line":9,"column":23},"end":{"line":9,"column":31}},"loc":{"start":{"line":9,"column":34},"end":{"line":9,"column":36}}},"5":{"name":"transitionTo","decl":{"start":{"line":10,"column":27},"end":{"line":10,"column":39}},"loc":{"start":{"line":10,"column":42},"end":{"line":10,"column":44}}},"6":{"name":"replaceWith","decl":{"start":{"line":11,"column":26},"end":{"line":11,"column":37}},"loc":{"start":{"line":11,"column":40},"end":{"line":11,"column":42}}},"7":{"name":"goBack","decl":{"start":{"line":12,"column":21},"end":{"line":12,"column":27}},"loc":{"start":{"line":12,"column":30},"end":{"line":12,"column":32}}},"8":{"name":"getCurrentPath","decl":{"start":{"line":13,"column":29},"end":{"line":13,"column":43}},"loc":{"start":{"line":13,"column":46},"end":{"line":13,"column":48}}},"9":{"name":"getCurrentRoutes","decl":{"start":{"line":14,"column":31},"end":{"line":14,"column":47}},"loc":{"start":{"line":14,"column":50},"end":{"line":14,"column":52}}},"10":{"name":"getCurrentPathname","decl":{"start":{"line":15,"column":33},"end":{"line":15,"column":51}},"loc":{"start":{"line":15,"column":54},"end":{"line":15,"column":56}}},"11":{"name":"getCurrentParams","decl":{"start":{"line":16,"column":31},"end":{"line":16,"column":47}},"loc":{"start":{"line":16,"column":50},"end":{"line":16,"column":52}}},"12":{"name":"getCurrentQuery","decl":{"start":{"line":17,"column":30},"end":{"line":17,"column":45}},"loc":{"start":{"line":17,"column":48},"end":{"line":17,"column":50}}},"13":{"name":"isActive","decl":{"start":{"line":18,"column":23},"end":{"line":18,"column":31}},"loc":{"start":{"line":18,"column":34},"end":{"line":18,"column":36}}},"14":{"name":"getRouteAtDepth","decl":{"start":{"line":19,"column":30},"end":{"line":19,"column":45}},"loc":{"start":{"line":19,"column":48},"end":{"line":19,"column":50}}},"15":{"name":"setRouteComponentAtDepth","decl":{"start":{"line":20,"column":39},"end":{"line":20,"column":63}},"loc":{"start":{"line":20,"column":66},"end":{"line":20,"column":68}}},"16":{"name":"getChildContext","decl":{"start":{"line":29,"column":30},"end":{"line":29,"column":45}},"loc":{"start":{"line":29,"column":48},"end":{"line":34,"column":5}}},"17":{"name":"render","decl":{"start":{"line":36,"column":21},"end":{"line":36,"column":27}},"loc":{"start":{"line":36,"column":30},"end":{"line":38,"column":5}}}},"branchMap":{},"s":{"1":3,"2":3,"3":3,"4":3,"5":3,"6":11,"7":11,"8":3},"f":{"1":3,"2":0,"3":0,"4":17,"5":0,"6":0,"7":0,"8":0,"9":0,"10":0,"11":0,"12":0,"13":17,"14":0,"15":0,"16":11,"17":11},"b":{},"hash":"04b775d3154d7891b2f025254fbfb71a4c6711ef"}
}
