{"/home/apetrov/Desktop/maas-editor-demo/src/api/dslApi.js": {"path":"/home/apetrov/Desktop/maas-editor-demo/src/api/dslApi.js","statementMap":{"1":{"start":{"line":5,"column":11},"end":{"line":5,"column":36}},"2":{"start":{"line":6,"column":8},"end":{"line":6,"column":25}},"3":{"start":{"line":15,"column":18},"end":{"line":17,"column":1}},"4":{"start":{"line":16,"column":1},"end":{"line":16,"column":22}},"5":{"start":{"line":26,"column":13},"end":{"line":28,"column":1}},"6":{"start":{"line":27,"column":1},"end":{"line":27,"column":41}},"7":{"start":{"line":39,"column":13},"end":{"line":76,"column":1}},"8":{"start":{"line":41,"column":2},"end":{"line":41,"column":52}},"9":{"start":{"line":45,"column":12},"end":{"line":45,"column":34}},"10":{"start":{"line":46,"column":2},"end":{"line":46,"column":53}},"11":{"start":{"line":51,"column":2},"end":{"line":68,"column":3}},"12":{"start":{"line":61,"column":26},"end":{"line":61,"column":69}},"13":{"start":{"line":62,"column":3},"end":{"line":62,"column":41}},"14":{"start":{"line":66,"column":3},"end":{"line":66,"column":42}},"15":{"start":{"line":67,"column":3},"end":{"line":67,"column":18}},"16":{"start":{"line":70,"column":2},"end":{"line":70,"column":21}},"17":{"start":{"line":74,"column":2},"end":{"line":74,"column":28}},"18":{"start":{"line":78,"column":0},"end":{"line":78,"column":24}}},"fnMap":{"1":{"name":"(anonymous_1)","decl":{"start":{"line":15,"column":18},"end":{"line":15,"column":19}},"loc":{"start":{"line":15,"column":29},"end":{"line":17,"column":1}}},"2":{"name":"(anonymous_2)","decl":{"start":{"line":26,"column":13},"end":{"line":26,"column":14}},"loc":{"start":{"line":26,"column":28},"end":{"line":28,"column":1}}},"3":{"name":"(anonymous_3)","decl":{"start":{"line":40,"column":13},"end":{"line":40,"column":14}},"loc":{"start":{"line":40,"column":24},"end":{"line":42,"column":2}}},"4":{"name":"(anonymous_4)","decl":{"start":{"line":44,"column":13},"end":{"line":44,"column":14}},"loc":{"start":{"line":44,"column":26},"end":{"line":47,"column":2}}},"5":{"name":"(anonymous_5)","decl":{"start":{"line":49,"column":10},"end":{"line":49,"column":11}},"loc":{"start":{"line":49,"column":24},"end":{"line":71,"column":2}}},"6":{"name":"(anonymous_6)","decl":{"start":{"line":73,"column":12},"end":{"line":73,"column":13}},"loc":{"start":{"line":73,"column":25},"end":{"line":75,"column":2}}}},"branchMap":{"1":{"loc":{"start":{"line":41,"column":9},"end":{"line":41,"column":51}},"type":"cond-expr","locations":[{"start":{"line":41,"column":28},"end":{"line":41,"column":40}},{"start":{"line":41,"column":42},"end":{"line":41,"column":51}}]},"2":{"loc":{"start":{"line":46,"column":9},"end":{"line":46,"column":52}},"type":"cond-expr","locations":[{"start":{"line":46,"column":30},"end":{"line":46,"column":39}},{"start":{"line":46,"column":41},"end":{"line":46,"column":52}}]},"3":{"loc":{"start":{"line":51,"column":2},"end":{"line":68,"column":3}},"type":"if","locations":[{"start":{"line":51,"column":2},"end":{"line":68,"column":3}},{"start":{"line":51,"column":2},"end":{"line":68,"column":3}}]}},"s":{"1":1,"2":1,"3":1,"4":1,"5":1,"6":4,"7":1,"8":3,"9":3,"10":3,"11":1,"12":0,"13":0,"14":1,"15":1,"16":1,"17":4,"18":1},"f":{"1":1,"2":4,"3":3,"4":3,"5":1,"6":4},"b":{"1":[2,1],"2":[2,1],"3":[0,1]},"hash":"9fb87e45df84797c512739fbea0d97c82b70e927"}
,"/home/apetrov/Desktop/maas-editor-demo/src/api/dslData.js": {"path":"/home/apetrov/Desktop/maas-editor-demo/src/api/dslData.js","statementMap":{"1":{"start":{"line":1,"column":0},"end":{"line":20,"column":2}}},"fnMap":{},"branchMap":{},"s":{"1":1},"f":{},"b":{},"hash":"a240e6ac747b35faa988f1a618c40ca4ff6dcdb2"}
}
