TN:
SF:/home/apetrov/Desktop/maas-editor-demo/src/api/dslApi.js
FN:15,(anonymous_1)
FN:26,(anonymous_2)
FN:40,(anonymous_3)
FN:44,(anonymous_4)
FN:49,(anonymous_5)
FN:73,(anonymous_6)
FNF:6
FNH:6
FNDA:1,(anonymous_1)
FNDA:4,(anonymous_2)
FNDA:3,(anonymous_3)
FNDA:3,(anonymous_4)
FNDA:1,(anonymous_5)
FNDA:4,(anonymous_6)
DA:5,1
DA:6,1
DA:15,1
DA:16,1
DA:26,1
DA:27,4
DA:39,1
DA:41,3
DA:45,3
DA:46,3
DA:51,1
DA:61,0
DA:62,0
DA:66,1
DA:67,1
DA:70,1
DA:74,4
DA:78,1
LF:18
LH:16
BRDA:41,1,0,2
BRDA:41,1,1,1
BRDA:46,2,0,2
BRDA:46,2,1,1
BRDA:51,3,0,0
BRDA:51,3,1,1
BRF:6
BRH:5
end_of_record
TN:
SF:/home/apetrov/Desktop/maas-editor-demo/src/api/dslData.js
FNF:0
FNH:0
DA:1,1
LF:1
LH:1
BRF:0
BRH:0
end_of_record
TN:
SF:/home/apetrov/Desktop/maas-editor-demo/src/components/homePage.js
FN:8,(anonymous_1)
FNF:1
FNH:1
FNDA:3,(anonymous_1)
DA:3,1
DA:4,1
DA:5,1
DA:7,1
DA:9,3
DA:18,1
LF:6
LH:6
BRF:0
BRH:0
end_of_record
TN:
SF:/home/apetrov/Desktop/maas-editor-demo/src/components/notFoundPage.js
FN:6,(anonymous_1)
FNF:1
FNH:1
FNDA:5,(anonymous_1)
DA:2,1
DA:3,1
DA:5,1
DA:9,5
DA:29,1
LF:5
LH:5
BRF:0
BRH:0
end_of_record
TN:
SF:/home/apetrov/Desktop/maas-editor-demo/testingHelpers/reactRouterContext.js
FN:4,ReactRouterContext
FN:5,RouterStub
FN:8,makePath
FN:9,makeHref
FN:10,transitionTo
FN:11,replaceWith
FN:12,goBack
FN:13,getCurrentPath
FN:14,getCurrentRoutes
FN:15,getCurrentPathname
FN:16,getCurrentParams
FN:17,getCurrentQuery
FN:18,isActive
FN:19,getRouteAtDepth
FN:20,setRouteComponentAtDepth
FN:29,getChildContext
FN:36,render
FNF:17
FNH:5
FNDA:2,ReactRouterContext
FNDA:0,RouterStub
FNDA:0,makePath
FNDA:8,makeHref
FNDA:0,transitionTo
FNDA:0,replaceWith
FNDA:0,goBack
FNDA:0,getCurrentPath
FNDA:0,getCurrentRoutes
FNDA:0,getCurrentPathname
FNDA:0,getCurrentParams
FNDA:0,getCurrentQuery
FNDA:8,isActive
FNDA:0,getRouteAtDepth
FNDA:0,setRouteComponentAtDepth
FNDA:8,getChildContext
FNDA:8,render
DA:1,2
DA:2,2
DA:4,2
DA:7,2
DA:23,2
DA:30,8
DA:37,8
DA:42,2
LF:8
LH:8
BRF:0
BRH:0
end_of_record
